  [1m[36m (1.7ms)[0m  [1mCREATE TABLE "schema_migrations" ("version" varchar NOT NULL) [0m
  [1m[35m (0.1ms)[0m  select sqlite_version(*)
  [1m[36m (1.6ms)[0m  [1mCREATE UNIQUE INDEX "unique_schema_migrations" ON "schema_migrations" ("version")[0m
  [1m[35mActiveRecord::SchemaMigration Load (0.1ms)[0m  SELECT "schema_migrations".* FROM "schema_migrations"


Started GET "/" for ::1 at 2015-11-17 17:47:54 -0600
Processing by Rails::WelcomeController#index as HTML
  Rendered /Users/admin/.rvm/gems/ruby-2.1.2/gems/railties-4.2.3/lib/rails/templates/rails/welcome/index.html.erb (2.8ms)
Completed 200 OK in 27ms (Views: 19.4ms | ActiveRecord: 0.0ms)
  [1m[36mActiveRecord::SchemaMigration Load (0.1ms)[0m  [1mSELECT "schema_migrations".* FROM "schema_migrations"[0m
Migrating to CreateStudents (1)
  [1m[35m (0.1ms)[0m  begin transaction
  [1m[36m (0.4ms)[0m  [1mCREATE TABLE "students" ("id" INTEGER PRIMARY KEY AUTOINCREMENT NOT NULL, "first_name" varchar, "last_name" varchar, "created_at" datetime NOT NULL, "updated_at" datetime NOT NULL) [0m
  [1m[35mSQL (0.3ms)[0m  INSERT INTO "schema_migrations" ("version") VALUES (?)  [["version", "1"]]
  [1m[36m (1.4ms)[0m  [1mcommit transaction[0m
  [1m[35mActiveRecord::SchemaMigration Load (0.1ms)[0m  SELECT "schema_migrations".* FROM "schema_migrations"
  [1m[36m (0.1ms)[0m  [1mbegin transaction[0m
  [1m[35mSQL (0.3ms)[0m  INSERT INTO "students" ("first_name", "last_name", "created_at", "updated_at") VALUES (?, ?, ?, ?)  [["first_name", "Jordan"], ["last_name", "Hudgens"], ["created_at", "2015-11-18 00:10:55.545365"], ["updated_at", "2015-11-18 00:10:55.545365"]]
  [1m[36m (2.9ms)[0m  [1mcommit transaction[0m
  [1m[35mStudent Load (0.2ms)[0m  SELECT  "students".* FROM "students"  ORDER BY "students"."id" DESC LIMIT 1
  [1m[36m (0.1ms)[0m  [1mbegin transaction[0m
  [1m[35mSQL (0.3ms)[0m  INSERT INTO "students" ("created_at", "updated_at") VALUES (?, ?)  [["created_at", "2015-11-18 00:17:49.095449"], ["updated_at", "2015-11-18 00:17:49.095449"]]
  [1m[36m (1.2ms)[0m  [1mcommit transaction[0m
  [1m[35mStudent Load (0.2ms)[0m  SELECT  "students".* FROM "students"  ORDER BY "students"."id" DESC LIMIT 1
  [1m[36mActiveRecord::SchemaMigration Load (0.1ms)[0m  [1mSELECT "schema_migrations".* FROM "schema_migrations"[0m
  [1m[35mActiveRecord::SchemaMigration Load (0.1ms)[0m  SELECT "schema_migrations".* FROM "schema_migrations"


Started GET "/" for ::1 at 2015-11-18 13:36:42 -0600
  [1m[36mActiveRecord::SchemaMigration Load (0.1ms)[0m  [1mSELECT "schema_migrations".* FROM "schema_migrations"[0m
Processing by Rails::WelcomeController#index as HTML
  Rendered /Users/admin/.rvm/gems/ruby-2.1.2/gems/railties-4.2.3/lib/rails/templates/rails/welcome/index.html.erb (2.4ms)
Completed 200 OK in 39ms (Views: 24.5ms | ActiveRecord: 0.0ms)


Started GET "/" for ::1 at 2015-11-18 13:37:10 -0600
Processing by Rails::WelcomeController#index as HTML
  Rendered /Users/admin/.rvm/gems/ruby-2.1.2/gems/railties-4.2.3/lib/rails/templates/rails/welcome/index.html.erb (0.0ms)
Completed 200 OK in 1ms (Views: 0.7ms | ActiveRecord: 0.0ms)
  [1m[36mActiveRecord::SchemaMigration Load (2.2ms)[0m  [1mSELECT "schema_migrations".* FROM "schema_migrations"[0m
Migrating to CreateSchoolClasses (2)
  [1m[35m (0.2ms)[0m  begin transaction
  [1m[36m (1.0ms)[0m  [1mCREATE TABLE "school_classes" ("id" INTEGER PRIMARY KEY AUTOINCREMENT NOT NULL, "title" varchar, "room_number" integer, "created_at" datetime NOT NULL, "updated_at" datetime NOT NULL) [0m
  [1m[35mSQL (0.3ms)[0m  INSERT INTO "schema_migrations" ("version") VALUES (?)  [["version", "2"]]
  [1m[36m (2.1ms)[0m  [1mcommit transaction[0m
  [1m[35mActiveRecord::SchemaMigration Load (0.2ms)[0m  SELECT "schema_migrations".* FROM "schema_migrations"


Started GET "/students" for ::1 at 2016-08-25 14:41:55 -0400
  [1m[36mActiveRecord::SchemaMigration Load (2.5ms)[0m  [1mSELECT "schema_migrations".* FROM "schema_migrations"[0m
Processing by StudentsController#index as HTML
  Rendered students/index.html.erb within layouts/application (4.3ms)
Completed 200 OK in 1293ms (Views: 1276.4ms | ActiveRecord: 0.0ms)


Started GET "/students/new" for ::1 at 2016-08-25 14:42:00 -0400
Processing by StudentsController#new as HTML
  Rendered students/new.html.erb within layouts/application (48.8ms)
Completed 200 OK in 111ms (Views: 103.5ms | ActiveRecord: 0.4ms)


Started POST "/students" for ::1 at 2016-08-25 14:43:24 -0400
Processing by StudentsController#create as HTML
  Parameters: {"utf8"=>"✓", "authenticity_token"=>"OoKFT/sX4T9xlSZXiNMoTkEN6PogwJHhC9/1kBwh0xHDhr9fVP58+9ggvG7TmorQN7dLxX5bc8BeX2tS/E5Ytw==", "student"=>{"first_name"=>"Eliza", "last_name"=>"Doolittle"}, "commit"=>"Create Student"}
  [1m[35m (0.1ms)[0m  begin transaction
  [1m[36mSQL (2.8ms)[0m  [1mINSERT INTO "students" ("first_name", "last_name", "created_at", "updated_at") VALUES (?, ?, ?, ?)[0m  [["first_name", "Eliza"], ["last_name", "Doolittle"], ["created_at", "2016-08-25 18:43:24.722905"], ["updated_at", "2016-08-25 18:43:24.722905"]]
  [1m[35m (2.3ms)[0m  commit transaction
Redirected to http://localhost:3000/students/3
Completed 302 Found in 18ms (ActiveRecord: 5.2ms)


Started GET "/students/3" for ::1 at 2016-08-25 14:43:24 -0400
Processing by StudentsController#show as HTML
  Parameters: {"id"=>"3"}
  [1m[36mStudent Load (0.2ms)[0m  [1mSELECT  "students".* FROM "students" WHERE "students"."id" = ? LIMIT 1[0m  [["id", 3]]
  Rendered students/show.html.erb within layouts/application (0.4ms)
Completed 200 OK in 81ms (Views: 62.7ms | ActiveRecord: 0.2ms)


Started GET "/students/" for ::1 at 2016-08-25 14:43:34 -0400
Processing by StudentsController#index as HTML
  Rendered students/index.html.erb within layouts/application (0.1ms)
Completed 200 OK in 46ms (Views: 45.1ms | ActiveRecord: 0.0ms)


Started GET "/students" for ::1 at 2016-08-25 14:43:38 -0400
Processing by StudentsController#index as HTML
  Rendered students/index.html.erb within layouts/application (0.0ms)
Completed 200 OK in 29ms (Views: 28.3ms | ActiveRecord: 0.0ms)


Started GET "/students/1" for ::1 at 2016-08-25 14:43:40 -0400
Processing by StudentsController#show as HTML
  Parameters: {"id"=>"1"}
  [1m[35mStudent Load (0.1ms)[0m  SELECT  "students".* FROM "students" WHERE "students"."id" = ? LIMIT 1  [["id", 1]]
  Rendered students/show.html.erb within layouts/application (0.0ms)
Completed 200 OK in 27ms (Views: 25.7ms | ActiveRecord: 0.1ms)


Started GET "/students/1/edit" for ::1 at 2016-08-25 14:43:48 -0400
Processing by StudentsController#edit as HTML
  Parameters: {"id"=>"1"}
  [1m[36mStudent Load (0.1ms)[0m  [1mSELECT  "students".* FROM "students" WHERE "students"."id" = ? LIMIT 1[0m  [["id", 1]]
  Rendered students/edit.html.erb within layouts/application (1.6ms)
Completed 200 OK in 29ms (Views: 27.6ms | ActiveRecord: 0.1ms)


Started GET "/students/3/edit" for ::1 at 2016-08-25 14:43:57 -0400
Processing by StudentsController#edit as HTML
  Parameters: {"id"=>"3"}
  [1m[35mStudent Load (0.1ms)[0m  SELECT  "students".* FROM "students" WHERE "students"."id" = ? LIMIT 1  [["id", 3]]
  Rendered students/edit.html.erb within layouts/application (1.2ms)
Completed 200 OK in 37ms (Views: 34.9ms | ActiveRecord: 0.1ms)


Started GET "/students" for ::1 at 2016-08-25 14:48:39 -0400
Processing by StudentsController#index as HTML
  Rendered students/index.html.erb within layouts/application (0.8ms)
Completed 200 OK in 172ms (Views: 161.3ms | ActiveRecord: 0.0ms)


Started GET "/students" for ::1 at 2016-08-25 14:48:39 -0400
Processing by StudentsController#index as HTML
  Rendered students/index.html.erb within layouts/application (0.0ms)
Completed 200 OK in 37ms (Views: 36.4ms | ActiveRecord: 0.0ms)


Started GET "/students/new" for ::1 at 2016-08-25 14:48:43 -0400
Processing by StudentsController#new as HTML
  Rendered students/new.html.erb within layouts/application (2.0ms)
Completed 200 OK in 46ms (Views: 39.0ms | ActiveRecord: 0.6ms)


Started GET "/students/new" for ::1 at 2016-08-25 14:48:44 -0400
Processing by StudentsController#new as HTML
  Rendered students/new.html.erb within layouts/application (1.7ms)
Completed 200 OK in 47ms (Views: 46.2ms | ActiveRecord: 0.0ms)


Started POST "/students" for ::1 at 2016-08-25 14:48:51 -0400
Processing by StudentsController#create as HTML
  Parameters: {"utf8"=>"✓", "authenticity_token"=>"1W2eh+MnsOQ3Y4AsKcH8mZMge2iHp2lIBDryhcZgD6IsaaSXTM4tIJ7WGhVyiF4H5ZrYV9k8i2lRumxHJg+EBA==", "student"=>{"first_name"=>"Samwise", "last_name"=>"Gamgee"}, "commit"=>"Create Student"}
  [1m[36m (0.1ms)[0m  [1mbegin transaction[0m
  [1m[35mSQL (0.4ms)[0m  INSERT INTO "students" ("first_name", "last_name", "created_at", "updated_at") VALUES (?, ?, ?, ?)  [["first_name", "Samwise"], ["last_name", "Gamgee"], ["created_at", "2016-08-25 18:48:51.338566"], ["updated_at", "2016-08-25 18:48:51.338566"]]
  [1m[36m (5.9ms)[0m  [1mcommit transaction[0m
Redirected to http://localhost:3000/students/4
Completed 302 Found in 14ms (ActiveRecord: 6.4ms)


Started GET "/students/4" for ::1 at 2016-08-25 14:48:51 -0400
Processing by StudentsController#show as HTML
  Parameters: {"id"=>"4"}
  [1m[35mStudent Load (1.0ms)[0m  SELECT  "students".* FROM "students" WHERE "students"."id" = ? LIMIT 1  [["id", 4]]
  Rendered students/show.html.erb within layouts/application (0.8ms)
Completed 200 OK in 50ms (Views: 46.6ms | ActiveRecord: 1.0ms)


Started GET "/students/4/edit" for ::1 at 2016-08-25 14:49:00 -0400
Processing by StudentsController#edit as HTML
  Parameters: {"id"=>"4"}
  [1m[36mStudent Load (0.1ms)[0m  [1mSELECT  "students".* FROM "students" WHERE "students"."id" = ? LIMIT 1[0m  [["id", 4]]
  Rendered students/edit.html.erb within layouts/application (1.5ms)
Completed 200 OK in 27ms (Views: 25.9ms | ActiveRecord: 0.1ms)


Started PATCH "/students/4" for ::1 at 2016-08-25 14:49:04 -0400
Processing by StudentsController#update as HTML
  Parameters: {"utf8"=>"✓", "authenticity_token"=>"qaEvo0diisjnPJ75SaUl8oTDDqx3DAgUxzYH5AJ1GdRQpRWz6IsXDE6JBMAS7Ids8nmtkymX6jWStpkm4hqScg==", "student"=>{"first_name"=>"Sam", "last_name"=>"Gamgee"}, "commit"=>"Update Student", "id"=>"4"}
  [1m[35mStudent Load (0.1ms)[0m  SELECT  "students".* FROM "students" WHERE "students"."id" = ? LIMIT 1  [["id", 4]]
  [1m[36m (0.1ms)[0m  [1mbegin transaction[0m
  [1m[35mSQL (0.3ms)[0m  UPDATE "students" SET "first_name" = ?, "updated_at" = ? WHERE "students"."id" = ?  [["first_name", "Sam"], ["updated_at", "2016-08-25 18:49:04.479740"], ["id", 4]]
  [1m[36m (2.5ms)[0m  [1mcommit transaction[0m
Redirected to http://localhost:3000/students/4
Completed 302 Found in 7ms (ActiveRecord: 3.0ms)


Started GET "/students/4" for ::1 at 2016-08-25 14:49:04 -0400
Processing by StudentsController#show as HTML
  Parameters: {"id"=>"4"}
  [1m[35mStudent Load (0.1ms)[0m  SELECT  "students".* FROM "students" WHERE "students"."id" = ? LIMIT 1  [["id", 4]]
  Rendered students/show.html.erb within layouts/application (0.1ms)
Completed 200 OK in 32ms (Views: 31.3ms | ActiveRecord: 0.1ms)


Started GET "/school_classes/new" for ::1 at 2016-08-25 14:49:12 -0400
Processing by SchoolClassesController#new as HTML
  Rendered school_classes/new.html.erb within layouts/application (2.5ms)
Completed 200 OK in 45ms (Views: 36.3ms | ActiveRecord: 0.3ms)


Started POST "/school_classes" for ::1 at 2016-08-25 14:49:24 -0400
Processing by SchoolClassesController#create as HTML
  Parameters: {"utf8"=>"✓", "authenticity_token"=>"X6TzFObgak/Our+c83W/zaZ0BXivB3sJqaG7UzMyvDmmoMkESQn3i2cPJaWoPB1T0M6mR/GcmSj8ISWR0103nw==", "school_class"=>{"title"=>"Ring Smuggling", "room_number"=>"9"}, "commit"=>"Create School class"}
  [1m[36m (0.1ms)[0m  [1mbegin transaction[0m
  [1m[35mSQL (2.7ms)[0m  INSERT INTO "school_classes" ("title", "room_number", "created_at", "updated_at") VALUES (?, ?, ?, ?)  [["title", "Ring Smuggling"], ["room_number", 9], ["created_at", "2016-08-25 18:49:24.490104"], ["updated_at", "2016-08-25 18:49:24.490104"]]
  [1m[36m (3.3ms)[0m  [1mcommit transaction[0m
Redirected to http://localhost:3000/school_classes/1
Completed 302 Found in 11ms (ActiveRecord: 6.1ms)


Started GET "/school_classes/1" for ::1 at 2016-08-25 14:49:24 -0400
Processing by SchoolClassesController#show as HTML
  Parameters: {"id"=>"1"}
  [1m[35mSchoolClass Load (0.2ms)[0m  SELECT  "school_classes".* FROM "school_classes" WHERE "school_classes"."id" = ? LIMIT 1  [["id", 1]]
  Rendered school_classes/show.html.erb within layouts/application (0.8ms)
Completed 200 OK in 61ms (Views: 58.9ms | ActiveRecord: 0.2ms)


Started GET "/school_classes/1/edit" for ::1 at 2016-08-25 14:49:33 -0400
Processing by SchoolClassesController#edit as HTML
  Parameters: {"id"=>"1"}
  [1m[36mSchoolClass Load (0.1ms)[0m  [1mSELECT  "school_classes".* FROM "school_classes" WHERE "school_classes"."id" = ? LIMIT 1[0m  [["id", 1]]
  Rendered school_classes/edit.html.erb within layouts/application (1.5ms)
Completed 200 OK in 28ms (Views: 27.3ms | ActiveRecord: 0.1ms)


Started PATCH "/school_classes/1" for ::1 at 2016-08-25 14:49:39 -0400
Processing by SchoolClassesController#update as HTML
  Parameters: {"utf8"=>"✓", "authenticity_token"=>"CeZ0rlJAcpT53hmczF1waohr2pxv86FM9wfSbZjXZErw4k6+/anvUFBrg6WXFNL0/tF5ozFoQ22ih0yveLjv7A==", "school_class"=>{"title"=>"Ring Smuggling", "room_number"=>"2"}, "commit"=>"Update School class", "id"=>"1"}
  [1m[35mSchoolClass Load (0.2ms)[0m  SELECT  "school_classes".* FROM "school_classes" WHERE "school_classes"."id" = ? LIMIT 1  [["id", 1]]
  [1m[36m (0.1ms)[0m  [1mbegin transaction[0m
  [1m[35mSQL (0.3ms)[0m  UPDATE "school_classes" SET "room_number" = ?, "updated_at" = ? WHERE "school_classes"."id" = ?  [["room_number", 2], ["updated_at", "2016-08-25 18:49:39.479261"], ["id", 1]]
  [1m[36m (2.3ms)[0m  [1mcommit transaction[0m
Redirected to http://localhost:3000/school_classes/1
Completed 302 Found in 7ms (ActiveRecord: 2.9ms)


Started GET "/school_classes/1" for ::1 at 2016-08-25 14:49:39 -0400
Processing by SchoolClassesController#show as HTML
  Parameters: {"id"=>"1"}
  [1m[35mSchoolClass Load (0.1ms)[0m  SELECT  "school_classes".* FROM "school_classes" WHERE "school_classes"."id" = ? LIMIT 1  [["id", 1]]
  Rendered school_classes/show.html.erb within layouts/application (0.1ms)
Completed 200 OK in 36ms (Views: 34.7ms | ActiveRecord: 0.1ms)


Started GET "/school_classes/new" for ::1 at 2016-08-25 14:52:38 -0400
Processing by SchoolClassesController#new as HTML
  Rendered school_classes/new.html.erb within layouts/application (37.1ms)
Completed 200 OK in 128ms (Views: 116.8ms | ActiveRecord: 0.0ms)
